<?xml version="1.0" encoding="UTF-8"?>
<!-- Generated by org.testng.reporters.JUnitReportReporter -->
<testsuite hostname="DESKTOP-KSTJK7A" failures="0" tests="3" name="tests.RegistrationLogoutLoginWithJsonTest" time="6.682" errors="0" timestamp="2023-03-08T21:26:35 EET" skipped="0">
  <testcase classname="tests.RegistrationLogoutLoginWithJsonTest" name="userCanRegisterSuccessfully" time="3.382"/>
  <system-out/>
  <testcase classname="tests.RegistrationLogoutLoginWithJsonTest" name="registeredUserLogout" time="1.041"/>
  <system-out/>
  <testcase classname="tests.RegistrationLogoutLoginWithJsonTest" name="registeredUserLogin" time="2.259"/>
  <system-out/>
</testsuite> <!-- tests.RegistrationLogoutLoginWithJsonTest -->
