<?xml version="1.0" encoding="UTF-8"?>
<!-- Generated by org.testng.reporters.JUnitReportReporter -->
<testsuite hostname="DESKTOP-KSTJK7A" failures="0" tests="1" name="tests.ContactUsTest" time="3.624" errors="0" timestamp="2023-03-09T01:24:15 EET" skipped="0">
  <testcase classname="tests.ContactUsTest" name="contactUs" time="3.624"/>
  <system-out/>
</testsuite> <!-- tests.ContactUsTest -->
