<?xml version="1.0" encoding="UTF-8"?>
<!-- Generated by org.testng.reporters.JUnitReportReporter -->
<testsuite hostname="DESKTOP-KSTJK7A" failures="0" tests="1" name="tests.CheckoutTest" time="20.392" errors="0" timestamp="2023-03-08T22:24:59 EET" skipped="0">
  <testcase classname="tests.CheckoutTest" name="productCheckout" time="20.392"/>
  <system-out/>
</testsuite> <!-- tests.CheckoutTest -->
