<?xml version="1.0" encoding="UTF-8"?>
<!-- Generated by org.testng.reporters.JUnitReportReporter -->
<testsuite hostname="DESKTOP-KSTJK7A" failures="0" tests="3" name="tests.RegistrationTest" time="9.198" errors="0" timestamp="2023-02-27T20:52:40 EET" skipped="0">
  <testcase classname="tests.RegistrationTest" name="userCanRegisterSuccessfully" time="4.825"/>
  <system-out/>
  <testcase classname="tests.RegistrationTest" name="registeredUserLogout" time="1.432"/>
  <system-out/>
  <testcase classname="tests.RegistrationTest" name="registeredUserLogin" time="2.941"/>
  <system-out/>
</testsuite> <!-- tests.RegistrationTest -->
