<?xml version="1.0" encoding="UTF-8"?>
<!-- Generated by org.testng.reporters.JUnitReportReporter -->
<testsuite hostname="DESKTOP-KSTJK7A" failures="0" tests="1" name="tests.HooverMenuTest" time="2.388" errors="0" timestamp="2023-02-27T21:18:17 EET" skipped="0">
  <testcase classname="tests.HooverMenuTest" name="goToBooksAndMusicPage" time="2.388"/>
  <system-out/>
</testsuite> <!-- tests.HooverMenuTest -->
