<?xml version="1.0" encoding="UTF-8"?>
<!-- Generated by org.testng.reporters.JUnitReportReporter -->
<testsuite hostname="DESKTOP-KSTJK7A" failures="0" tests="1" name="tests.ChangeLanguageTest" time="3.974" errors="0" timestamp="2023-03-08T21:43:58 EET" skipped="0">
  <testcase classname="tests.ChangeLanguageTest" name="changeLanguage" time="3.974"/>
  <system-out/>
</testsuite> <!-- tests.ChangeLanguageTest -->
