<?xml version="1.0" encoding="UTF-8"?>
<!-- Generated by org.testng.reporters.JUnitReportReporter -->
<testsuite hostname="DESKTOP-KSTJK7A" failures="0" tests="1" name="tests.CompareTwoProductsTest" time="4.467" errors="0" timestamp="2023-03-09T00:57:36 EET" skipped="0">
  <testcase classname="tests.CompareTwoProductsTest" name="compareTwoProducts" time="4.467"/>
  <system-out/>
</testsuite> <!-- tests.CompareTwoProductsTest -->
