<?xml version="1.0" encoding="UTF-8"?>
<!-- Generated by org.testng.reporters.JUnitReportReporter -->
<testsuite hostname="DESKTOP-KSTJK7A" failures="0" tests="1" name="tests.AddToCartTest" time="5.544" errors="0" timestamp="2023-03-08T01:39:33 EET" skipped="0">
  <testcase classname="tests.AddToCartTest" name="addToCart" time="5.544"/>
  <system-out/>
</testsuite> <!-- tests.AddToCartTest -->
