<?xml version="1.0" encoding="UTF-8"?>
<!-- Generated by org.testng.reporters.JUnitReportReporter -->
<testsuite hostname="DESKTOP-KSTJK7A" failures="0" tests="1" name="tests.AddReviewTest" time="7.014" errors="0" timestamp="2023-03-08T01:24:36 EET" skipped="0">
  <testcase classname="tests.AddReviewTest" name="addReview" time="7.014"/>
  <system-out/>
</testsuite> <!-- tests.AddReviewTest -->
