<?xml version="1.0" encoding="UTF-8"?>
<!-- Generated by org.testng.reporters.JUnitReportReporter -->
<testsuite hostname="DESKTOP-KSTJK7A" failures="0" tests="3" name="tests.RegistrationLogoutLoginTest" time="7.026" errors="0" timestamp="2023-03-08T21:23:58 EET" skipped="0">
  <testcase classname="tests.RegistrationLogoutLoginTest" name="userCanRegisterSuccessfully" time="3.725"/>
  <system-out/>
  <testcase classname="tests.RegistrationLogoutLoginTest" name="registeredUserLogout" time="0.958"/>
  <system-out/>
  <testcase classname="tests.RegistrationLogoutLoginTest" name="registeredUserLogin" time="2.343"/>
  <system-out/>
</testsuite> <!-- tests.RegistrationLogoutLoginTest -->
