<?xml version="1.0" encoding="UTF-8"?>
<!-- Generated by org.testng.reporters.JUnitReportReporter -->
<testsuite hostname="DESKTOP-KSTJK7A" failures="0" tests="3" name="tests.AddToWishListTest" time="9.939" errors="0" timestamp="2023-03-08T21:33:55 EET" skipped="0">
  <testcase classname="tests.AddToWishListTest" name="addProductToWishList" time="7.641"/>
  <system-out/>
  <testcase classname="tests.AddToWishListTest" name="userLogin" time="2.233"/>
  <system-out/>
  <testcase classname="tests.AddToWishListTest" name="confirmAddingToWishlist" time="0.065"/>
  <system-out/>
</testsuite> <!-- tests.AddToWishListTest -->
